<?xml version="1.0" encoding="UTF-8"?>
<!-- Generated by org.testng.reporters.JUnitXMLReporter -->
<testsuite ignored="0" hostname="Dibyansh_Verma" failures="0" tests="5" name="Default test" time="0.049" errors="0" timestamp="2024-05-02T09:35:22 IST">
  <testcase classname="Test.day4" name="APIloginHOMELoan" time="0.011"/>
  <testcase classname="Test.day4" name="MobileloginHOMELoan" time="0.001"/>
  <testcase classname="Test.day4" name="WebloginHOMELoan" time="0.003"/>
  <testcase classname="Test.day4" name="WebloginHOMELoan" time="0.001"/>
  <testcase classname="Test.day4" name="WebloginHOMELoan" time="0.001"/>
</testsuite> <!-- Default test -->
