<?xml version="1.0" encoding="UTF-8"?>
<!-- Generated by org.testng.reporters.JUnitXMLReporter -->
<testsuite ignored="0" hostname="Dibyansh_Verma" failures="0" tests="4" name="Default test" time="0.129" errors="0" timestamp="2024-05-01T19:39:31 IST">
  <testcase classname="Test.day3" name="APIloginCARlaon" time="0.024"/>
  <testcase classname="Test.day3" name="MobilelogOutCARLoan" time="0.002"/>
  <testcase classname="Test.day3" name="MobileloginCARLoan" time="0.002"/>
  <testcase classname="Test.day3" name="WebloginCARLoan" time="0.005"/>
</testsuite> <!-- Default test -->
