<?xml version="1.0" encoding="UTF-8"?>
<!-- Generated by org.testng.reporters.JUnitXMLReporter -->
<testsuite ignored="1" hostname="Dibyansh_Verma" failures="0" tests="3" name="Car Loan" time="0.017" errors="0" timestamp="2024-05-01T19:40:12 IST">
  <testcase classname="Test.day3" name="MobilelogOutCARLoan" time="0.001"/>
  <testcase classname="Test.day3" name="MobileloginCARLoan" time="0.001"/>
  <testcase classname="Test.day3" name="WebloginCARLoan" time="0.001"/>
  <testcase classname="Test.day3" name="APIloginCARlaon" time="0.0">
    <ignored/>
  </testcase> <!-- APIloginCARlaon -->
</testsuite> <!-- Car Loan -->
