<?xml version="1.0" encoding="UTF-8"?>
<!-- Generated by org.testng.reporters.JUnitXMLReporter -->
<testsuite ignored="1" hostname="Dibyansh_Verma" failures="0" tests="7" name="Personal Loan" time="0.059" errors="0" timestamp="2024-05-02T09:59:32 IST">
  <testcase classname="Test.day1" name="DemoPersonalLaon" time="0.006"/>
  <testcase classname="Test.day2" name="Demo2PeronsonalLoan" time="0.003"/>
  <testcase classname="Test.day4" name="APIloginHOMELoan" time="0.002"/>
  <testcase classname="Test.day4" name="MobileloginHOMELoan" time="0.001"/>
  <testcase classname="Test.day4" name="WebloginHOMELoan" time="0.003"/>
  <testcase classname="Test.day4" name="WebloginHOMELoan" time="0.003"/>
  <testcase classname="Test.day4" name="WebloginHOMELoan" time="0.001"/>
  <testcase classname="Test.day1" name="SecondPersonalLoan" time="0.0">
    <ignored/>
  </testcase> <!-- SecondPersonalLoan -->
</testsuite> <!-- Personal Loan -->
