<?xml version="1.0" encoding="UTF-8"?>
<!-- Generated by org.testng.reporters.JUnitXMLReporter -->
<testsuite ignored="0" hostname="Dibyansh_Verma" failures="0" tests="10" name="Personal Loan" time="0.128" errors="0" timestamp="2024-05-01T19:42:19 IST">
  <testcase classname="Test.day1" name="DemoPersonalLaon" time="0.025"/>
  <testcase classname="Test.day1" name="SecondPersonalLoan" time="0.001"/>
  <testcase classname="Test.day2" name="Demo2PeronsonalLoan" time="0.002"/>
  <testcase classname="Test.day3" name="APIloginCARlaon" time="0.001"/>
  <testcase classname="Test.day3" name="MobilelogOutCARLoan" time="0.001"/>
  <testcase classname="Test.day3" name="MobileloginCARLoan" time="0.001"/>
  <testcase classname="Test.day3" name="WebloginCARLoan" time="0.001"/>
  <testcase classname="Test.day4" name="APIloginHOMELoan" time="0.001"/>
  <testcase classname="Test.day4" name="MobileloginHOMELoan" time="0.002"/>
  <testcase classname="Test.day4" name="WebloginHOMELoan" time="0.001"/>
</testsuite> <!-- Personal Loan -->
