<?xml version="1.0" encoding="UTF-8"?>
<!-- Generated by org.testng.reporters.JUnitXMLReporter -->
<testsuite ignored="7" hostname="Dibyansh_Verma" failures="0" tests="3" name="Regression" time="0.055" errors="0" timestamp="2024-05-02T08:54:30 IST">
  <testcase classname="Test.day1" name="DemoPersonalLaon" time="0.011"/>
  <testcase classname="Test.day2" name="Demo2PeronsonalLoan" time="0.003"/>
  <testcase classname="Test.day4" name="MobileloginHOMELoan" time="0.001"/>
  <testcase classname="Test.day3" name="MobilelogOutCARLoan" time="0.0">
    <ignored/>
  </testcase> <!-- MobilelogOutCARLoan -->
  <testcase classname="Test.day4" name="APIloginHOMELoan" time="0.0">
    <ignored/>
  </testcase> <!-- APIloginHOMELoan -->
  <testcase classname="Test.day1" name="SecondPersonalLoan" time="0.0">
    <ignored/>
  </testcase> <!-- SecondPersonalLoan -->
  <testcase classname="Test.day3" name="MobileloginCARLoan" time="0.0">
    <ignored/>
  </testcase> <!-- MobileloginCARLoan -->
  <testcase classname="Test.day3" name="WebloginCARLoan" time="0.0">
    <ignored/>
  </testcase> <!-- WebloginCARLoan -->
  <testcase classname="Test.day3" name="APIloginCARlaon" time="0.0">
    <ignored/>
  </testcase> <!-- APIloginCARlaon -->
  <testcase classname="Test.day4" name="WebloginHOMELoan" time="0.0">
    <ignored/>
  </testcase> <!-- WebloginHOMELoan -->
</testsuite> <!-- Regression -->
