<?xml version="1.0" encoding="UTF-8"?>
<testng-results ignored="0" total="10" passed="10" failed="0" skipped="0">
  <reporter-output>
  </reporter-output>
  <suite started-at="2024-05-01T19:42:19 IST" name="Loan Department" finished-at="2024-05-01T19:42:19 IST" duration-ms="128">
    <groups>
    </groups>
    <test started-at="2024-05-01T19:42:19 IST" name="Personal Loan" finished-at="2024-05-01T19:42:19 IST" duration-ms="128">
      <class name="Test.day1">
        <test-method signature="DemoPersonalLaon()[pri:0, instance:Test.day1@50a638b5]" started-at="2024-05-01T19:42:19 IST" name="DemoPersonalLaon" finished-at="2024-05-01T19:42:19 IST" duration-ms="25" status="PASS">
          <reporter-output>
          </reporter-output>
        </test-method> <!-- DemoPersonalLaon -->
        <test-method signature="SecondPersonalLoan()[pri:0, instance:Test.day1@50a638b5]" started-at="2024-05-01T19:42:19 IST" name="SecondPersonalLoan" finished-at="2024-05-01T19:42:19 IST" duration-ms="1" status="PASS">
          <reporter-output>
          </reporter-output>
        </test-method> <!-- SecondPersonalLoan -->
      </class> <!-- Test.day1 -->
      <class name="Test.day3">
        <test-method signature="APIloginCARlaon()[pri:0, instance:Test.day3@3d74bf60]" started-at="2024-05-01T19:42:19 IST" name="APIloginCARlaon" finished-at="2024-05-01T19:42:19 IST" duration-ms="1" status="PASS">
          <reporter-output>
          </reporter-output>
        </test-method> <!-- APIloginCARlaon -->
        <test-method signature="MobilelogOutCARLoan()[pri:0, instance:Test.day3@3d74bf60]" started-at="2024-05-01T19:42:19 IST" name="MobilelogOutCARLoan" finished-at="2024-05-01T19:42:19 IST" duration-ms="1" status="PASS">
          <reporter-output>
          </reporter-output>
        </test-method> <!-- MobilelogOutCARLoan -->
        <test-method signature="MobileloginCARLoan()[pri:0, instance:Test.day3@3d74bf60]" started-at="2024-05-01T19:42:19 IST" name="MobileloginCARLoan" finished-at="2024-05-01T19:42:19 IST" duration-ms="1" status="PASS">
          <reporter-output>
          </reporter-output>
        </test-method> <!-- MobileloginCARLoan -->
        <test-method signature="WebloginCARLoan()[pri:0, instance:Test.day3@3d74bf60]" started-at="2024-05-01T19:42:19 IST" name="WebloginCARLoan" finished-at="2024-05-01T19:42:19 IST" duration-ms="1" status="PASS">
          <reporter-output>
          </reporter-output>
        </test-method> <!-- WebloginCARLoan -->
      </class> <!-- Test.day3 -->
      <class name="Test.day2">
        <test-method signature="Demo2PeronsonalLoan()[pri:0, instance:Test.day2@15c43bd9]" started-at="2024-05-01T19:42:19 IST" name="Demo2PeronsonalLoan" finished-at="2024-05-01T19:42:19 IST" duration-ms="2" status="PASS">
          <reporter-output>
          </reporter-output>
        </test-method> <!-- Demo2PeronsonalLoan -->
      </class> <!-- Test.day2 -->
      <class name="Test.day4">
        <test-method signature="APIloginHOMELoan()[pri:0, instance:Test.day4@4f209819]" started-at="2024-05-01T19:42:19 IST" name="APIloginHOMELoan" finished-at="2024-05-01T19:42:19 IST" duration-ms="1" status="PASS">
          <reporter-output>
          </reporter-output>
        </test-method> <!-- APIloginHOMELoan -->
        <test-method signature="MobileloginHOMELoan()[pri:0, instance:Test.day4@4f209819]" started-at="2024-05-01T19:42:19 IST" name="MobileloginHOMELoan" finished-at="2024-05-01T19:42:19 IST" duration-ms="2" status="PASS">
          <reporter-output>
          </reporter-output>
        </test-method> <!-- MobileloginHOMELoan -->
        <test-method signature="WebloginHOMELoan()[pri:0, instance:Test.day4@4f209819]" started-at="2024-05-01T19:42:19 IST" name="WebloginHOMELoan" finished-at="2024-05-01T19:42:19 IST" duration-ms="1" status="PASS">
          <reporter-output>
          </reporter-output>
        </test-method> <!-- WebloginHOMELoan -->
      </class> <!-- Test.day4 -->
    </test> <!-- Personal Loan -->
  </suite> <!-- Loan Department -->
</testng-results>
