<?xml version="1.0" encoding="UTF-8"?>
<testng-results ignored="3" total="13" passed="10" failed="0" skipped="0">
  <reporter-output>
  </reporter-output>
  <suite started-at="2024-05-02T09:59:31 IST" name="Loan Department" finished-at="2024-05-02T09:59:32 IST" duration-ms="59">
    <groups>
      <group name="Smoke">
        <method signature="day1.DemoPersonalLaon()[pri:0, instance:Test.day1@1a451d4d]" name="DemoPersonalLaon" class="Test.day1"/>
        <method signature="day2.Demo2PeronsonalLoan()[pri:0, instance:Test.day2@71809907]" name="Demo2PeronsonalLoan" class="Test.day2"/>
        <method signature="day4.MobileloginHOMELoan()[pri:0, instance:Test.day4@3ce1e309]" name="MobileloginHOMELoan" class="Test.day4"/>
      </group> <!-- Smoke -->
    </groups>
    <test started-at="2024-05-02T09:59:31 IST" name="Car Loan" finished-at="2024-05-02T09:59:32 IST" duration-ms="43">
      <class name="Test.day1">
        <test-method is-config="true" signature="bfsuite()[pri:0, instance:Test.day1@1a451d4d]" started-at="2024-05-02T09:59:31 IST" name="bfsuite" finished-at="2024-05-02T09:59:31 IST" duration-ms="6" status="PASS">
          <reporter-output>
          </reporter-output>
        </test-method> <!-- bfsuite -->
      </class> <!-- Test.day1 -->
      <class name="Test.day3">
        <test-method signature="MobilelogOutCARLoan()[pri:0, instance:Test.day3@5c33f1a9]" started-at="2024-05-02T09:59:32 IST" name="MobilelogOutCARLoan" finished-at="2024-05-02T09:59:32 IST" duration-ms="5" status="PASS">
          <reporter-output>
          </reporter-output>
        </test-method> <!-- MobilelogOutCARLoan -->
        <test-method is-config="true" signature="beforevery()[pri:0, instance:Test.day3@5c33f1a9]" started-at="2024-05-02T09:59:32 IST" name="beforevery" finished-at="2024-05-02T09:59:32 IST" duration-ms="0" status="PASS">
          <reporter-output>
          </reporter-output>
        </test-method> <!-- beforevery -->
        <test-method is-config="true" signature="Afterevery()[pri:0, instance:Test.day3@5c33f1a9]" started-at="2024-05-02T09:59:32 IST" name="Afterevery" finished-at="2024-05-02T09:59:32 IST" duration-ms="1" status="PASS">
          <reporter-output>
          </reporter-output>
        </test-method> <!-- Afterevery -->
        <test-method signature="MobileloginCARLoan()[pri:0, instance:Test.day3@5c33f1a9]" started-at="2024-05-02T09:59:32 IST" name="MobileloginCARLoan" finished-at="2024-05-02T09:59:32 IST" duration-ms="5" status="PASS">
          <reporter-output>
          </reporter-output>
        </test-method> <!-- MobileloginCARLoan -->
        <test-method is-config="true" signature="beforevery()[pri:0, instance:Test.day3@5c33f1a9]" started-at="2024-05-02T09:59:32 IST" name="beforevery" finished-at="2024-05-02T09:59:32 IST" duration-ms="0" status="PASS">
          <reporter-output>
          </reporter-output>
        </test-method> <!-- beforevery -->
        <test-method is-config="true" signature="Afterevery()[pri:0, instance:Test.day3@5c33f1a9]" started-at="2024-05-02T09:59:32 IST" name="Afterevery" finished-at="2024-05-02T09:59:32 IST" duration-ms="0" status="PASS">
          <reporter-output>
          </reporter-output>
        </test-method> <!-- Afterevery -->
        <test-method is-config="true" signature="beforevery()[pri:0, instance:Test.day3@5c33f1a9]" started-at="2024-05-02T09:59:32 IST" name="beforevery" finished-at="2024-05-02T09:59:32 IST" duration-ms="1" status="PASS">
          <reporter-output>
          </reporter-output>
        </test-method> <!-- beforevery -->
        <test-method signature="WebloginCARLoan()[pri:0, instance:Test.day3@5c33f1a9]" started-at="2024-05-02T09:59:32 IST" name="WebloginCARLoan" finished-at="2024-05-02T09:59:32 IST" duration-ms="1" status="PASS">
          <reporter-output>
          </reporter-output>
        </test-method> <!-- WebloginCARLoan -->
        <test-method is-config="true" signature="Afterevery()[pri:0, instance:Test.day3@5c33f1a9]" started-at="2024-05-02T09:59:32 IST" name="Afterevery" finished-at="2024-05-02T09:59:32 IST" duration-ms="0" status="PASS">
          <reporter-output>
          </reporter-output>
        </test-method> <!-- Afterevery -->
      </class> <!-- Test.day3 -->
      <class name="Test.day4">
        <test-method is-config="true" signature="afsuite()[pri:0, instance:Test.day4@3ce1e309]" started-at="2024-05-02T09:59:32 IST" name="afsuite" finished-at="2024-05-02T09:59:32 IST" duration-ms="1" status="PASS">
          <reporter-output>
          </reporter-output>
        </test-method> <!-- afsuite -->
      </class> <!-- Test.day4 -->
    </test> <!-- Car Loan -->
    <test started-at="2024-05-02T09:59:31 IST" name="Personal Loan" finished-at="2024-05-02T09:59:32 IST" duration-ms="59">
      <class name="Test.day1">
        <test-method signature="DemoPersonalLaon()[pri:0, instance:Test.day1@1a451d4d]" started-at="2024-05-02T09:59:31 IST" name="DemoPersonalLaon" finished-at="2024-05-02T09:59:32 IST" duration-ms="6" status="PASS">
          <reporter-output>
          </reporter-output>
        </test-method> <!-- DemoPersonalLaon -->
        <test-method is-config="true" signature="lastexecution(java.lang.String)[pri:0, instance:Test.day1@1a451d4d]" started-at="2024-05-02T09:59:32 IST" name="lastexecution" finished-at="2024-05-02T09:59:32 IST" duration-ms="1" status="PASS">
          <params>
            <param index="0">
              <value>
                <![CDATA[qa6.lifeatworkporatl.com/countyofla]]>
              </value>
            </param>
          </params>
          <reporter-output>
          </reporter-output>
        </test-method> <!-- lastexecution -->
      </class> <!-- Test.day1 -->
      <class name="Test.day2">
        <test-method is-config="true" signature="prerequisite()[pri:0, instance:Test.day2@71809907]" started-at="2024-05-02T09:59:31 IST" name="prerequisite" finished-at="2024-05-02T09:59:31 IST" duration-ms="2" status="PASS">
          <reporter-output>
          </reporter-output>
        </test-method> <!-- prerequisite -->
        <test-method is-config="true" signature="beforeclass()[pri:0, instance:Test.day2@71809907]" started-at="2024-05-02T09:59:32 IST" name="beforeclass" finished-at="2024-05-02T09:59:32 IST" duration-ms="1" status="PASS">
          <reporter-output>
          </reporter-output>
        </test-method> <!-- beforeclass -->
        <test-method signature="Demo2PeronsonalLoan()[pri:0, instance:Test.day2@71809907]" started-at="2024-05-02T09:59:32 IST" name="Demo2PeronsonalLoan" finished-at="2024-05-02T09:59:32 IST" duration-ms="3" status="PASS">
          <reporter-output>
          </reporter-output>
        </test-method> <!-- Demo2PeronsonalLoan -->
        <test-method is-config="true" signature="afterclass()[pri:0, instance:Test.day2@71809907]" started-at="2024-05-02T09:59:32 IST" name="afterclass" finished-at="2024-05-02T09:59:32 IST" duration-ms="0" status="PASS">
          <reporter-output>
          </reporter-output>
        </test-method> <!-- afterclass -->
      </class> <!-- Test.day2 -->
      <class name="Test.day4">
        <test-method signature="APIloginHOMELoan()[pri:0, instance:Test.day4@3ce1e309]" started-at="2024-05-02T09:59:32 IST" name="APIloginHOMELoan" finished-at="2024-05-02T09:59:32 IST" duration-ms="2" status="PASS">
          <reporter-output>
          </reporter-output>
        </test-method> <!-- APIloginHOMELoan -->
        <test-method signature="MobileloginHOMELoan()[pri:0, instance:Test.day4@3ce1e309]" started-at="2024-05-02T09:59:32 IST" name="MobileloginHOMELoan" finished-at="2024-05-02T09:59:32 IST" duration-ms="1" status="PASS">
          <reporter-output>
          </reporter-output>
        </test-method> <!-- MobileloginHOMELoan -->
        <test-method signature="WebloginHOMELoan(java.lang.String,java.lang.String)[pri:0, instance:Test.day4@3ce1e309]" started-at="2024-05-02T09:59:32 IST" name="WebloginHOMELoan" data-provider="getData" finished-at="2024-05-02T09:59:32 IST" duration-ms="3" status="PASS">
          <params>
            <param index="0">
              <value>
                <![CDATA[FirstsetUsername]]>
              </value>
            </param>
            <param index="1">
              <value>
                <![CDATA[FirstPassword]]>
              </value>
            </param>
          </params>
          <reporter-output>
          </reporter-output>
        </test-method> <!-- WebloginHOMELoan -->
        <test-method signature="WebloginHOMELoan(java.lang.String,java.lang.String)[pri:0, instance:Test.day4@3ce1e309]" started-at="2024-05-02T09:59:32 IST" name="WebloginHOMELoan" data-provider="getData" finished-at="2024-05-02T09:59:32 IST" duration-ms="3" status="PASS">
          <params>
            <param index="0">
              <value>
                <![CDATA[SecondsetUsername]]>
              </value>
            </param>
            <param index="1">
              <value>
                <![CDATA[SecondPassword]]>
              </value>
            </param>
          </params>
          <reporter-output>
          </reporter-output>
        </test-method> <!-- WebloginHOMELoan -->
        <test-method signature="WebloginHOMELoan(java.lang.String,java.lang.String)[pri:0, instance:Test.day4@3ce1e309]" started-at="2024-05-02T09:59:32 IST" name="WebloginHOMELoan" data-provider="getData" finished-at="2024-05-02T09:59:32 IST" duration-ms="1" status="PASS">
          <params>
            <param index="0">
              <value>
                <![CDATA[ThirdsetUsername]]>
              </value>
            </param>
            <param index="1">
              <value>
                <![CDATA[ThirdPassword]]>
              </value>
            </param>
          </params>
          <reporter-output>
          </reporter-output>
        </test-method> <!-- WebloginHOMELoan -->
      </class> <!-- Test.day4 -->
    </test> <!-- Personal Loan -->
  </suite> <!-- Loan Department -->
</testng-results>
